<?xml version="1.0" encoding="UTF-8"?>
<!-- Generated by org.testng.reporters.JUnitReportReporter -->
<testsuite skipped="0" hostname="Ashishs-MacBook-Pro.local" name="TestCases.level3" tests="1" failures="0" timestamp="17 Jul 2017 10:36:41 GMT" time="110.558" errors="0">
  <testcase name="level3_case" time="110.558" classname="TestCases.level3"/>
</testsuite> <!-- TestCases.level3 -->
